  Alarm.cpp
  Alarm.hpp
  Dauerverwaltung.cpp
  Dauerverwaltung.hpp
  Digitales_Display.cpp
C:\Users\Ha Anh\Documents\THD\Semester_3\Software Engineering\Software-Engineering-Beatmungsgeraet-Luftsteuerung\src\Beatmungsgeraet_Luftsteuerung\Beatmungsgeraet_Luftsteuerung\Digitales_Display.cpp(1,10): warning C4067: Unerwartete Token nach Präprozessordirektive - Zeilenvorschub erwartet.
C:\Users\Ha Anh\Documents\THD\Semester_3\Software Engineering\Software-Engineering-Beatmungsgeraet-Luftsteuerung\src\Beatmungsgeraet_Luftsteuerung\Beatmungsgeraet_Luftsteuerung\Digitales_Display.hpp(5,10): warning C4067: Unerwartete Token nach Präprozessordirektive - Zeilenvorschub erwartet.
  (Quelldatei „Digitales_Display.cpp“ wird kompiliert)
  
C:\Users\Ha Anh\Documents\THD\Semester_3\Software Engineering\Software-Engineering-Beatmungsgeraet-Luftsteuerung\src\Beatmungsgeraet_Luftsteuerung\Beatmungsgeraet_Luftsteuerung\Digitales_Display.hpp(6,10): warning C4067: Unerwartete Token nach Präprozessordirektive - Zeilenvorschub erwartet.
  (Quelldatei „Digitales_Display.cpp“ wird kompiliert)
  
C:\Users\Ha Anh\Documents\THD\Semester_3\Software Engineering\Software-Engineering-Beatmungsgeraet-Luftsteuerung\src\Beatmungsgeraet_Luftsteuerung\Beatmungsgeraet_Luftsteuerung\Digitales_Display.hpp(7,10): warning C4067: Unerwartete Token nach Präprozessordirektive - Zeilenvorschub erwartet.
  (Quelldatei „Digitales_Display.cpp“ wird kompiliert)
  
C:\Users\Ha Anh\Documents\THD\Semester_3\Software Engineering\Software-Engineering-Beatmungsgeraet-Luftsteuerung\src\Beatmungsgeraet_Luftsteuerung\Beatmungsgeraet_Luftsteuerung\Digitales_Display.hpp(8,10): warning C4067: Unerwartete Token nach Präprozessordirektive - Zeilenvorschub erwartet.
  (Quelldatei „Digitales_Display.cpp“ wird kompiliert)
  
C:\Users\Ha Anh\Documents\THD\Semester_3\Software Engineering\Software-Engineering-Beatmungsgeraet-Luftsteuerung\src\Beatmungsgeraet_Luftsteuerung\Beatmungsgeraet_Luftsteuerung\Digitales_Display.hpp(9,10): warning C4067: Unerwartete Token nach Präprozessordirektive - Zeilenvorschub erwartet.
  (Quelldatei „Digitales_Display.cpp“ wird kompiliert)
  
C:\Users\Ha Anh\Documents\THD\Semester_3\Software Engineering\Software-Engineering-Beatmungsgeraet-Luftsteuerung\src\Beatmungsgeraet_Luftsteuerung\Beatmungsgeraet_Luftsteuerung\Digitales_Display.hpp(16,23): error C2512: "Luftmengeverwaltung": Kein geeigneter Standardkonstruktor verfügbar
  (Quelldatei „Digitales_Display.cpp“ wird kompiliert)
      C:\Users\Ha Anh\Documents\THD\Semester_3\Software Engineering\Software-Engineering-Beatmungsgeraet-Luftsteuerung\src\Beatmungsgeraet_Luftsteuerung\Beatmungsgeraet_Luftsteuerung\Luftmengeverwaltung.hpp(8,7):
      Siehe Deklaration von "Luftmengeverwaltung"
  
C:\Users\Ha Anh\Documents\THD\Semester_3\Software Engineering\Software-Engineering-Beatmungsgeraet-Luftsteuerung\src\Beatmungsgeraet_Luftsteuerung\Beatmungsgeraet_Luftsteuerung\Digitales_Display.cpp(10,20): error C2084: Funktion "Digitales_Display::Digitales_Display(void)" hat bereits einen Funktionsrumpf
      C:\Users\Ha Anh\Documents\THD\Semester_3\Software Engineering\Software-Engineering-Beatmungsgeraet-Luftsteuerung\src\Beatmungsgeraet_Luftsteuerung\Beatmungsgeraet_Luftsteuerung\Digitales_Display.hpp(16,3):
      siehe vorherige Definition von "Digitales_Display::Digitales_Display"
  
C:\Users\Ha Anh\Documents\THD\Semester_3\Software Engineering\Software-Engineering-Beatmungsgeraet-Luftsteuerung\src\Beatmungsgeraet_Luftsteuerung\Beatmungsgeraet_Luftsteuerung\Digitales_Display.cpp(10,83): error C2614: "Digitales_Display": Unzulässige Elementinitialisierung: "druck" ist weder Basis noch Element
C:\Users\Ha Anh\Documents\THD\Semester_3\Software Engineering\Software-Engineering-Beatmungsgeraet-Luftsteuerung\src\Beatmungsgeraet_Luftsteuerung\Beatmungsgeraet_Luftsteuerung\Digitales_Display.cpp(10,92): error C2614: "Digitales_Display": Unzulässige Elementinitialisierung: "dauer" ist weder Basis noch Element
C:\Users\Ha Anh\Documents\THD\Semester_3\Software Engineering\Software-Engineering-Beatmungsgeraet-Luftsteuerung\src\Beatmungsgeraet_Luftsteuerung\Beatmungsgeraet_Luftsteuerung\Digitales_Display.cpp(10,101): error C2614: "Digitales_Display": Unzulässige Elementinitialisierung: "alarm" ist weder Basis noch Element
C:\Users\Ha Anh\Documents\THD\Semester_3\Software Engineering\Software-Engineering-Beatmungsgeraet-Luftsteuerung\src\Beatmungsgeraet_Luftsteuerung\Beatmungsgeraet_Luftsteuerung\Digitales_Display.cpp(18,37): error C2264: "Digitales_Display::Digitales_Display": Fehler in der Funktionsdefinition oder Funktionsdeklaration, Funktion nicht aufgerufen
  Luftdruckueberwachung.cpp
  Luftdruckueberwachung.hpp
  Luftmengeverwaltung.cpp
  Luftmengeverwaltung.hpp
  Luftsteuerung.cpp
  Luftsteuerung.hpp
  main.cpp
C:\Users\Ha Anh\Documents\THD\Semester_3\Software Engineering\Software-Engineering-Beatmungsgeraet-Luftsteuerung\src\Beatmungsgeraet_Luftsteuerung\Beatmungsgeraet_Luftsteuerung\main.cpp(1,10): warning C4067: Unerwartete Token nach Präprozessordirektive - Zeilenvorschub erwartet.
C:\Users\Ha Anh\Documents\THD\Semester_3\Software Engineering\Software-Engineering-Beatmungsgeraet-Luftsteuerung\src\Beatmungsgeraet_Luftsteuerung\Beatmungsgeraet_Luftsteuerung\Digitales_Display.hpp(5,10): warning C4067: Unerwartete Token nach Präprozessordirektive - Zeilenvorschub erwartet.
  (Quelldatei „main.cpp“ wird kompiliert)
  
C:\Users\Ha Anh\Documents\THD\Semester_3\Software Engineering\Software-Engineering-Beatmungsgeraet-Luftsteuerung\src\Beatmungsgeraet_Luftsteuerung\Beatmungsgeraet_Luftsteuerung\Digitales_Display.hpp(6,10): warning C4067: Unerwartete Token nach Präprozessordirektive - Zeilenvorschub erwartet.
  (Quelldatei „main.cpp“ wird kompiliert)
  
C:\Users\Ha Anh\Documents\THD\Semester_3\Software Engineering\Software-Engineering-Beatmungsgeraet-Luftsteuerung\src\Beatmungsgeraet_Luftsteuerung\Beatmungsgeraet_Luftsteuerung\Digitales_Display.hpp(7,10): warning C4067: Unerwartete Token nach Präprozessordirektive - Zeilenvorschub erwartet.
  (Quelldatei „main.cpp“ wird kompiliert)
  
C:\Users\Ha Anh\Documents\THD\Semester_3\Software Engineering\Software-Engineering-Beatmungsgeraet-Luftsteuerung\src\Beatmungsgeraet_Luftsteuerung\Beatmungsgeraet_Luftsteuerung\Digitales_Display.hpp(8,10): warning C4067: Unerwartete Token nach Präprozessordirektive - Zeilenvorschub erwartet.
  (Quelldatei „main.cpp“ wird kompiliert)
  
C:\Users\Ha Anh\Documents\THD\Semester_3\Software Engineering\Software-Engineering-Beatmungsgeraet-Luftsteuerung\src\Beatmungsgeraet_Luftsteuerung\Beatmungsgeraet_Luftsteuerung\Digitales_Display.hpp(9,10): warning C4067: Unerwartete Token nach Präprozessordirektive - Zeilenvorschub erwartet.
  (Quelldatei „main.cpp“ wird kompiliert)
  
C:\Users\Ha Anh\Documents\THD\Semester_3\Software Engineering\Software-Engineering-Beatmungsgeraet-Luftsteuerung\src\Beatmungsgeraet_Luftsteuerung\Beatmungsgeraet_Luftsteuerung\Digitales_Display.hpp(16,23): error C2512: "Luftmengeverwaltung": Kein geeigneter Standardkonstruktor verfügbar
  (Quelldatei „main.cpp“ wird kompiliert)
      C:\Users\Ha Anh\Documents\THD\Semester_3\Software Engineering\Software-Engineering-Beatmungsgeraet-Luftsteuerung\src\Beatmungsgeraet_Luftsteuerung\Beatmungsgeraet_Luftsteuerung\Luftmengeverwaltung.hpp(8,7):
      Siehe Deklaration von "Luftmengeverwaltung"
  
  Code wird generiert...
